PING 192.168.42.2 (192.168.42.2): 56 data bytes
--- 192.168.42.2 ping statistics ---
1 packets transmitted, 1 packets received, 0% packet loss
round-trip min/avg/max/stddev = 0.051/0.051/0.051/0.000 ms
ZooKeeper JMX enabled by default
/usr/bin/java
Using config: /zk/bin/../conf/zoo.cfg
Picked up JAVA_TOOL_OPTIONS: -Dfile.encoding=UTF8
2015-06-09 08:20:26,621 [myid:] - INFO  [main:QuorumPeerConfig@114] - Reading configuration from: /zk/bin/../conf/zoo.cfg
2015-06-09 08:20:26,625 [myid:] - INFO  [main:QuorumPeerConfig@306] - clientPort is not set
2015-06-09 08:20:26,625 [myid:] - INFO  [main:QuorumPeerConfig@320] - secureClientPort is not set
2015-06-09 08:20:26,627 [myid:] - WARN  [main:QuorumPeerConfig@555] - No server failure will be tolerated. You need at least 3 servers.
2015-06-09 08:20:26,629 [myid:2] - WARN  [main:QuorumPeerConfig@620] - Peer type from servers list (OBSERVER) doesn't match peerType (PARTICIPANT). Defaulting to servers list.
2015-06-09 08:20:26,667 [myid:2] - INFO  [main:DatadirCleanupManager@78] - autopurge.snapRetainCount set to 3
2015-06-09 08:20:26,667 [myid:2] - INFO  [main:DatadirCleanupManager@79] - autopurge.purgeInterval set to 0
2015-06-09 08:20:26,667 [myid:2] - INFO  [main:DatadirCleanupManager@101] - Purge task is not scheduled.
2015-06-09 08:20:26,671 [myid:2] - DEBUG [main:AbstractDynamicMBean@148] - preRegister called. Server=com.sun.jmx.mbeanserver.JmxMBeanServer@594b7042, name=log4j:hiearchy=default
2015-06-09 08:20:26,671 [myid:2] - DEBUG [main:HierarchyDynamicMBean@260] - postRegister is called.
2015-06-09 08:20:26,672 [myid:2] - DEBUG [main:AbstractDynamicMBean@148] - preRegister called. Server=com.sun.jmx.mbeanserver.JmxMBeanServer@594b7042, name=log4j:logger=root
2015-06-09 08:20:26,672 [myid:2] - DEBUG [main:LoggerDynamicMBean@258] - Adding AppenderMBean for appender named CONSOLE
2015-06-09 08:20:26,673 [myid:2] - DEBUG [main:AppenderDynamicMBean@158] - getMBeanInfo called.
2015-06-09 08:20:26,674 [myid:2] - DEBUG [main:AppenderDynamicMBean@337] - preRegister called. Server=com.sun.jmx.mbeanserver.JmxMBeanServer@594b7042, name=log4j:appender=CONSOLE
2015-06-09 08:20:26,674 [myid:2] - DEBUG [main:AppenderDynamicMBean@197] - Adding LayoutMBean:CONSOLE,layout=org.apache.log4j.PatternLayout
2015-06-09 08:20:26,674 [myid:2] - DEBUG [main:LayoutDynamicMBean@140] - getMBeanInfo called.
2015-06-09 08:20:26,676 [myid:2] - DEBUG [main:AbstractDynamicMBean@148] - preRegister called. Server=com.sun.jmx.mbeanserver.JmxMBeanServer@594b7042, name=log4j:appender=CONSOLE,layout=org.apache.log4j.PatternLayout
2015-06-09 08:20:26,676 [myid:2] - DEBUG [main:LoggerDynamicMBean@258] - Adding AppenderMBean for appender named SYSLOG
2015-06-09 08:20:26,677 [myid:2] - DEBUG [main:AppenderDynamicMBean@158] - getMBeanInfo called.
2015-06-09 08:20:26,677 [myid:2] - DEBUG [main:AppenderDynamicMBean@337] - preRegister called. Server=com.sun.jmx.mbeanserver.JmxMBeanServer@594b7042, name=log4j:appender=SYSLOG
2015-06-09 08:20:26,677 [myid:2] - DEBUG [main:AppenderDynamicMBean@197] - Adding LayoutMBean:SYSLOG,layout=org.apache.log4j.PatternLayout
2015-06-09 08:20:26,677 [myid:2] - DEBUG [main:LayoutDynamicMBean@140] - getMBeanInfo called.
2015-06-09 08:20:26,677 [myid:2] - DEBUG [main:AbstractDynamicMBean@148] - preRegister called. Server=com.sun.jmx.mbeanserver.JmxMBeanServer@594b7042, name=log4j:appender=SYSLOG,layout=org.apache.log4j.PatternLayout
2015-06-09 08:20:26,678 [myid:2] - DEBUG [main:HierarchyDynamicMBean@128] - ---Adding logger [root] as listener.
2015-06-09 08:20:26,678 [myid:2] - DEBUG [main:AbstractDynamicMBean@148] - preRegister called. Server=com.sun.jmx.mbeanserver.JmxMBeanServer@594b7042, name=log4j:logger=org.apache.zookeeper.common.AtomicFileOutputStream
2015-06-09 08:20:26,679 [myid:2] - DEBUG [main:HierarchyDynamicMBean@128] - ---Adding logger [org.apache.zookeeper.common.AtomicFileOutputStream] as listener.
2015-06-09 08:20:26,679 [myid:2] - DEBUG [main:AbstractDynamicMBean@148] - preRegister called. Server=com.sun.jmx.mbeanserver.JmxMBeanServer@594b7042, name=log4j:logger=org.apache.log4j.jmx.LoggerDynamicMBean
2015-06-09 08:20:26,679 [myid:2] - DEBUG [main:HierarchyDynamicMBean@128] - ---Adding logger [org.apache.log4j.jmx.LoggerDynamicMBean] as listener.
2015-06-09 08:20:26,679 [myid:2] - DEBUG [main:AbstractDynamicMBean@148] - preRegister called. Server=com.sun.jmx.mbeanserver.JmxMBeanServer@594b7042, name=log4j:logger=org.apache.zookeeper.jmx.MBeanRegistry
2015-06-09 08:20:26,679 [myid:2] - DEBUG [main:HierarchyDynamicMBean@128] - ---Adding logger [org.apache.zookeeper.jmx.MBeanRegistry] as listener.
2015-06-09 08:20:26,680 [myid:2] - DEBUG [main:AbstractDynamicMBean@148] - preRegister called. Server=com.sun.jmx.mbeanserver.JmxMBeanServer@594b7042, name=log4j:logger=org.apache.zookeeper.server.quorum.QuorumPeerConfig
2015-06-09 08:20:26,680 [myid:2] - DEBUG [main:HierarchyDynamicMBean@128] - ---Adding logger [org.apache.zookeeper.server.quorum.QuorumPeerConfig] as listener.
2015-06-09 08:20:26,680 [myid:2] - DEBUG [main:AbstractDynamicMBean@148] - preRegister called. Server=com.sun.jmx.mbeanserver.JmxMBeanServer@594b7042, name=log4j:logger=org.apache.log4j.jmx.AppenderDynamicMBean
2015-06-09 08:20:26,680 [myid:2] - DEBUG [main:HierarchyDynamicMBean@128] - ---Adding logger [org.apache.log4j.jmx.AppenderDynamicMBean] as listener.
2015-06-09 08:20:26,680 [myid:2] - DEBUG [main:AbstractDynamicMBean@148] - preRegister called. Server=com.sun.jmx.mbeanserver.JmxMBeanServer@594b7042, name=log4j:logger=org.apache.zookeeper.server.quorum.QuorumPeerMain
2015-06-09 08:20:26,680 [myid:2] - DEBUG [main:HierarchyDynamicMBean@128] - ---Adding logger [org.apache.zookeeper.server.quorum.QuorumPeerMain] as listener.
2015-06-09 08:20:26,680 [myid:2] - DEBUG [main:AbstractDynamicMBean@148] - preRegister called. Server=com.sun.jmx.mbeanserver.JmxMBeanServer@594b7042, name=log4j:logger=org.apache.log4j.jmx.HierarchyDynamicMBean
2015-06-09 08:20:26,681 [myid:2] - DEBUG [main:HierarchyDynamicMBean@128] - ---Adding logger [org.apache.log4j.jmx.HierarchyDynamicMBean] as listener.
2015-06-09 08:20:26,681 [myid:2] - DEBUG [main:AbstractDynamicMBean@148] - preRegister called. Server=com.sun.jmx.mbeanserver.JmxMBeanServer@594b7042, name=log4j:logger=org.apache.zookeeper.server.DatadirCleanupManager
2015-06-09 08:20:26,681 [myid:2] - DEBUG [main:HierarchyDynamicMBean@128] - ---Adding logger [org.apache.zookeeper.server.DatadirCleanupManager] as listener.
2015-06-09 08:20:26,681 [myid:2] - DEBUG [main:AbstractDynamicMBean@148] - preRegister called. Server=com.sun.jmx.mbeanserver.JmxMBeanServer@594b7042, name=log4j:logger=org.apache.log4j.jmx.LayoutDynamicMBean
2015-06-09 08:20:26,681 [myid:2] - DEBUG [main:HierarchyDynamicMBean@128] - ---Adding logger [org.apache.log4j.jmx.LayoutDynamicMBean] as listener.
2015-06-09 08:20:26,681 [myid:2] - INFO  [main:QuorumPeerMain@136] - Starting quorum peer
2015-06-09 08:20:26,689 [myid:2] - INFO  [main:NIOServerCnxnFactory@673] - Configuring NIO connection handler with 10s sessionless connection timeout, 1 selector thread(s), 8 worker threads, and 64 kB direct buffers.
2015-06-09 08:20:26,692 [myid:2] - INFO  [main:NIOServerCnxnFactory@686] - binding to port /0.0.0.0:2181
2015-06-09 08:20:26,720 [myid:2] - INFO  [main:Slf4jLog@67] - Logging to org.slf4j.impl.Log4jLoggerAdapter(org.mortbay.log) via org.mortbay.log.Slf4jLog
2015-06-09 08:20:26,720 [myid:2] - DEBUG [main:Slf4jLog@40] - Container Server@6eaaf8f2 + SocketConnector@0.0.0.0:8080 as connector
2015-06-09 08:20:26,729 [myid:2] - DEBUG [main:Slf4jLog@40] - Container Server@6eaaf8f2 + org.mortbay.jetty.servlet.Context@4180874{/,null} as handler
2015-06-09 08:20:26,729 [myid:2] - DEBUG [main:Slf4jLog@40] - Container org.mortbay.jetty.servlet.Context@4180874{/,null} + ServletHandler@45d2f9c5 as handler
2015-06-09 08:20:26,737 [myid:2] - DEBUG [main:Slf4jLog@40] - Container ServletHandler@45d2f9c5 + org.apache.zookeeper.server.admin.JettyAdminServer$CommandServlet-420235320 as servlet
2015-06-09 08:20:26,738 [myid:2] - DEBUG [main:Slf4jLog@40] - Container ServletHandler@45d2f9c5 + (S=org.apache.zookeeper.server.admin.JettyAdminServer$CommandServlet-420235320,[/commands/*]) as servletMapping
2015-06-09 08:20:26,740 [myid:2] - DEBUG [main:Slf4jLog@40] - filterNameMap=null
2015-06-09 08:20:26,740 [myid:2] - DEBUG [main:Slf4jLog@40] - pathFilters=null
2015-06-09 08:20:26,740 [myid:2] - DEBUG [main:Slf4jLog@40] - servletFilterMap=null
2015-06-09 08:20:26,741 [myid:2] - DEBUG [main:Slf4jLog@40] - servletPathMap={/commands/*=org.apache.zookeeper.server.admin.JettyAdminServer$CommandServlet-420235320}
2015-06-09 08:20:26,741 [myid:2] - DEBUG [main:Slf4jLog@40] - servletNameMap={org.apache.zookeeper.server.admin.JettyAdminServer$CommandServlet-420235320=org.apache.zookeeper.server.admin.JettyAdminServer$CommandServlet-420235320}
2015-06-09 08:20:26,742 [myid:2] - DEBUG [main:FileTxnSnapLog@84] - Opening datadir:/zk_data snapDir:/zk_data
2015-06-09 08:20:26,744 [myid:2] - INFO  [main:QuorumPeer@1239] - Local sessions disabled
2015-06-09 08:20:26,744 [myid:2] - INFO  [main:QuorumPeer@1250] - Local session upgrading disabled
2015-06-09 08:20:26,745 [myid:2] - INFO  [main:QuorumPeer@1217] - tickTime set to 2000
2015-06-09 08:20:26,745 [myid:2] - INFO  [main:QuorumPeer@1261] - minSessionTimeout set to 4000
2015-06-09 08:20:26,745 [myid:2] - INFO  [main:QuorumPeer@1272] - maxSessionTimeout set to 40000
2015-06-09 08:20:26,745 [myid:2] - INFO  [main:QuorumPeer@1287] - initLimit set to 10
2015-06-09 08:20:26,753 [myid:2] - INFO  [main:QuorumPeer@703] - currentEpoch not found! Creating with a reasonable default of 0. This should only happen when you are upgrading your installation
2015-06-09 08:20:26,816 [myid:2] - INFO  [main:QuorumPeer@718] - acceptedEpoch not found! Creating with a reasonable default of 0. This should only happen when you are upgrading your installation
2015-06-09 08:20:26,860 [myid:2] - INFO  [main:Slf4jLog@67] - jetty-6.1.26
2015-06-09 08:20:26,868 [myid:2] - DEBUG [main:Slf4jLog@40] - Container Server@6eaaf8f2 + org.mortbay.thread.QueuedThreadPool@2e0dc005 as threadpool
2015-06-09 08:20:26,871 [myid:2] - DEBUG [main:Slf4jLog@40] - started org.mortbay.thread.QueuedThreadPool@2e0dc005
2015-06-09 08:20:26,881 [myid:2] - DEBUG [main:Slf4jLog@40] - Container org.mortbay.jetty.servlet.Context@4180874{/,null} + ErrorHandler@4e2d1d1e as errorHandler
2015-06-09 08:20:26,882 [myid:2] - DEBUG [main:Slf4jLog@40] - filterNameMap=null
2015-06-09 08:20:26,882 [myid:2] - DEBUG [main:Slf4jLog@40] - pathFilters=null
2015-06-09 08:20:26,882 [myid:2] - DEBUG [main:Slf4jLog@40] - servletFilterMap=null
2015-06-09 08:20:26,882 [myid:2] - DEBUG [main:Slf4jLog@40] - servletPathMap={/commands/*=org.apache.zookeeper.server.admin.JettyAdminServer$CommandServlet-420235320}
2015-06-09 08:20:26,882 [myid:2] - DEBUG [main:Slf4jLog@40] - servletNameMap={org.apache.zookeeper.server.admin.JettyAdminServer$CommandServlet-420235320=org.apache.zookeeper.server.admin.JettyAdminServer$CommandServlet-420235320}
2015-06-09 08:20:26,883 [myid:2] - DEBUG [main:Slf4jLog@40] - starting ServletHandler@45d2f9c5
2015-06-09 08:20:26,883 [myid:2] - DEBUG [main:Slf4jLog@40] - started ServletHandler@45d2f9c5
2015-06-09 08:20:26,883 [myid:2] - DEBUG [main:Slf4jLog@40] - starting org.mortbay.jetty.servlet.Context@4180874{/,null}
2015-06-09 08:20:26,883 [myid:2] - DEBUG [main:Slf4jLog@40] - starting ErrorHandler@4e2d1d1e
2015-06-09 08:20:26,883 [myid:2] - DEBUG [main:Slf4jLog@40] - started ErrorHandler@4e2d1d1e
2015-06-09 08:20:26,884 [myid:2] - DEBUG [main:Slf4jLog@40] - started org.apache.zookeeper.server.admin.JettyAdminServer$CommandServlet-420235320
2015-06-09 08:20:26,884 [myid:2] - DEBUG [main:Slf4jLog@40] - started org.mortbay.jetty.servlet.Context@4180874{/,null}
2015-06-09 08:20:26,884 [myid:2] - DEBUG [main:Slf4jLog@40] - starting Server@6eaaf8f2
2015-06-09 08:20:26,885 [myid:2] - INFO  [main:Slf4jLog@67] - Started SocketConnector@0.0.0.0:8080
2015-06-09 08:20:26,885 [myid:2] - DEBUG [main:Slf4jLog@40] - started SocketConnector@0.0.0.0:8080
2015-06-09 08:20:26,885 [myid:2] - DEBUG [main:Slf4jLog@40] - started Server@6eaaf8f2
2015-06-09 08:20:26,888 [myid:2] - INFO  [main:JettyAdminServer@93] - Started AdminServer on port 8080, command URL /commands
2015-06-09 08:20:26,893 [myid:2] - DEBUG [QuorumPeerListener:QuorumPeer$QuorumServer@170] - Resolved address for 192.168.42.2: /192.168.42.2
2015-06-09 08:20:26,894 [myid:2] - DEBUG [QuorumPeerListener:QuorumPeer$QuorumServer@170] - Resolved address for 192.168.42.2: /192.168.42.2
2015-06-09 08:20:26,894 [myid:2] - INFO  [QuorumPeerListener:QuorumCnxManager$Listener@631] - My election bind port: /192.168.42.2:3888
2015-06-09 08:20:26,894 [myid:2] - DEBUG [QuorumPeer[myid=2](plain=/0:0:0:0:0:0:0:0:2181)(secure=disabled):QuorumPeer@909] - Starting quorum peer
2015-06-09 08:20:26,900 [myid:2] - INFO  [QuorumPeer[myid=2](plain=/0:0:0:0:0:0:0:0:2181)(secure=disabled):QuorumPeer@945] - LOOKING
2015-06-09 08:20:26,900 [myid:2] - DEBUG [QuorumPeer[myid=2](plain=/0:0:0:0:0:0:0:0:2181)(secure=disabled):QuorumPeer@874] - Initializing leader election protocol...
2015-06-09 08:20:26,901 [myid:2] - DEBUG [QuorumPeer[myid=2](plain=/0:0:0:0:0:0:0:0:2181)(secure=disabled):FastLeaderElection@790] - Updating proposal: -9223372036854775808 (newleader), 0x8000000000000000 (newzxid), -1 (oldleader), 0xffffffffffffffff (oldzxid)
2015-06-09 08:20:26,901 [myid:2] - INFO  [QuorumPeer[myid=2](plain=/0:0:0:0:0:0:0:0:2181)(secure=disabled):FastLeaderElection@889] - New election. My id =  2, proposed zxid=0x8000000000000000
2015-06-09 08:20:26,902 [myid:2] - DEBUG [QuorumPeer[myid=2](plain=/0:0:0:0:0:0:0:0:2181)(secure=disabled):FastLeaderElection@673] - Sending Notification: -9223372036854775808 (n.leader), 0x8000000000000000 (n.zxid), 0x1 (n.round), 1 (recipient), 2 (myid), 0x8000000000000000 (n.peerEpoch)
2015-06-09 08:20:26,903 [myid:2] - DEBUG [WorkerSender[myid=2]:QuorumPeer$QuorumServer@170] - Resolved address for 192.168.42.1: /192.168.42.1
2015-06-09 08:20:26,903 [myid:2] - DEBUG [WorkerSender[myid=2]:QuorumPeer$QuorumServer@170] - Resolved address for 192.168.42.1: /192.168.42.1
2015-06-09 08:20:26,904 [myid:2] - DEBUG [WorkerSender[myid=2]:QuorumCnxManager@440] - Opening channel to server 1
2015-06-09 08:20:26,912 [myid:2] - DEBUG [WorkerSender[myid=2]:QuorumCnxManager@446] - Connected to server 1
2015-06-09 08:20:26,913 [myid:2] - DEBUG [WorkerSender[myid=2]:QuorumCnxManager$SendWorker@725] - Address of remote peer: 1
2015-06-09 08:20:27,098 [myid:2] - DEBUG [WorkerReceiver[myid=2]:FastLeaderElection$Messenger$WorkerReceiver@336] - Receive new notification message. My id = 2
2015-06-09 08:20:27,098 [myid:2] - INFO  [WorkerReceiver[myid=2]:FastLeaderElection@683] - Notification: 2 (message format version), 1 (n.leader), 0x0 (n.zxid), 0x1 (n.round), LOOKING (n.state), 1 (n.sid), 0x0 (n.peerEPoch), LOOKING (my state)0 (n.config version)
2015-06-09 08:20:27,099 [myid:2] - DEBUG [QuorumPeer[myid=2](plain=/0:0:0:0:0:0:0:0:2181)(secure=disabled):FastLeaderElection@703] - id: 1, proposed id: -9223372036854775808, zxid: 0x0, proposed zxid: 0x8000000000000000
2015-06-09 08:20:27,099 [myid:2] - DEBUG [QuorumPeer[myid=2](plain=/0:0:0:0:0:0:0:0:2181)(secure=disabled):FastLeaderElection@790] - Updating proposal: 1 (newleader), 0x0 (newzxid), -9223372036854775808 (oldleader), 0x8000000000000000 (oldzxid)
2015-06-09 08:20:27,099 [myid:2] - DEBUG [QuorumPeer[myid=2](plain=/0:0:0:0:0:0:0:0:2181)(secure=disabled):FastLeaderElection@673] - Sending Notification: 1 (n.leader), 0x0 (n.zxid), 0x1 (n.round), 1 (recipient), 2 (myid), 0x0 (n.peerEpoch)
2015-06-09 08:20:27,099 [myid:2] - DEBUG [QuorumPeer[myid=2](plain=/0:0:0:0:0:0:0:0:2181)(secure=disabled):FastLeaderElection@959] - Adding vote: from=1, proposed leader=1, proposed zxid=0x0, proposed election epoch=0x1
2015-06-09 08:20:27,099 [myid:2] - DEBUG [WorkerSender[myid=2]:QuorumCnxManager@475] - There is a connection already for server 1
2015-06-09 08:20:27,300 [myid:2] - DEBUG [QuorumPeer[myid=2](plain=/0:0:0:0:0:0:0:0:2181)(secure=disabled):FastLeaderElection@816] - I'm an observer: 2
2015-06-09 08:20:27,300 [myid:2] - DEBUG [QuorumPeer[myid=2](plain=/0:0:0:0:0:0:0:0:2181)(secure=disabled):FastLeaderElection@637] - About to leave FLE instance: leader=1, zxid=0x0, my id=2, my state=OBSERVING
2015-06-09 08:20:27,301 [myid:2] - INFO  [QuorumPeer[myid=2](plain=/0:0:0:0:0:0:0:0:2181)(secure=disabled):MBeanRegistry@119] - Unregister MBean [org.apache.ZooKeeperService:name0=ReplicatedServer_id2,name1=replica.2,name2=LeaderElection]
2015-06-09 08:20:27,301 [myid:2] - INFO  [QuorumPeer[myid=2](plain=/0:0:0:0:0:0:0:0:2181)(secure=disabled):QuorumPeer@1008] - OBSERVING
2015-06-09 08:20:27,303 [myid:2] - INFO  [QuorumPeer[myid=2](plain=/0:0:0:0:0:0:0:0:2181)(secure=disabled):Learner@88] - TCP NoDelay set to: true
2015-06-09 08:20:27,307 [myid:2] - INFO  [QuorumPeer[myid=2](plain=/0:0:0:0:0:0:0:0:2181)(secure=disabled):Environment@109] - Server environment:zookeeper.version=3.6.0-SNAPSHOT--1, built on 04/09/2015 07:07 GMT
2015-06-09 08:20:27,307 [myid:2] - INFO  [QuorumPeer[myid=2](plain=/0:0:0:0:0:0:0:0:2181)(secure=disabled):Environment@109] - Server environment:host.name=zk2
2015-06-09 08:20:27,307 [myid:2] - INFO  [QuorumPeer[myid=2](plain=/0:0:0:0:0:0:0:0:2181)(secure=disabled):Environment@109] - Server environment:java.version=1.7.0_65
2015-06-09 08:20:27,307 [myid:2] - INFO  [QuorumPeer[myid=2](plain=/0:0:0:0:0:0:0:0:2181)(secure=disabled):Environment@109] - Server environment:java.vendor=Oracle Corporation
2015-06-09 08:20:27,308 [myid:2] - INFO  [QuorumPeer[myid=2](plain=/0:0:0:0:0:0:0:0:2181)(secure=disabled):Environment@109] - Server environment:java.home=/usr/lib/jvm/java-7-openjdk-amd64/jre
2015-06-09 08:20:27,308 [myid:2] - INFO  [QuorumPeer[myid=2](plain=/0:0:0:0:0:0:0:0:2181)(secure=disabled):Environment@109] - Server environment:java.class.path=/zk/bin/../build/classes:/zk/bin/../build/lib/slf4j-log4j12-1.7.5.jar:/zk/bin/../build/lib/slf4j-api-1.7.5.jar:/zk/bin/../build/lib/servlet-api-2.5-20081211.jar:/zk/bin/../build/lib/netty-3.7.0.Final.jar:/zk/bin/../build/lib/log4j-1.2.16.jar:/zk/bin/../build/lib/jline-2.11.jar:/zk/bin/../build/lib/jetty-util-6.1.26.jar:/zk/bin/../build/lib/jetty-6.1.26.jar:/zk/bin/../build/lib/javacc.jar:/zk/bin/../build/lib/jackson-mapper-asl-1.9.11.jar:/zk/bin/../build/lib/jackson-core-asl-1.9.11.jar:/zk/bin/../build/lib/commons-cli-1.2.jar:/zk/bin/../lib/*.jar:/zk/bin/../zookeeper-*.jar:/zk/bin/../src/java/lib/ivy-2.2.0.jar:/zk/bin/../conf:
2015-06-09 08:20:27,308 [myid:2] - INFO  [QuorumPeer[myid=2](plain=/0:0:0:0:0:0:0:0:2181)(secure=disabled):Environment@109] - Server environment:java.library.path=/usr/java/packages/lib/amd64:/usr/lib/x86_64-linux-gnu/jni:/lib/x86_64-linux-gnu:/usr/lib/x86_64-linux-gnu:/usr/lib/jni:/lib:/usr/lib
2015-06-09 08:20:27,308 [myid:2] - INFO  [QuorumPeer[myid=2](plain=/0:0:0:0:0:0:0:0:2181)(secure=disabled):Environment@109] - Server environment:java.io.tmpdir=/tmp
2015-06-09 08:20:27,308 [myid:2] - INFO  [QuorumPeer[myid=2](plain=/0:0:0:0:0:0:0:0:2181)(secure=disabled):Environment@109] - Server environment:java.compiler=<NA>
2015-06-09 08:20:27,308 [myid:2] - INFO  [QuorumPeer[myid=2](plain=/0:0:0:0:0:0:0:0:2181)(secure=disabled):Environment@109] - Server environment:os.name=Linux
2015-06-09 08:20:27,308 [myid:2] - INFO  [QuorumPeer[myid=2](plain=/0:0:0:0:0:0:0:0:2181)(secure=disabled):Environment@109] - Server environment:os.arch=amd64
2015-06-09 08:20:27,308 [myid:2] - INFO  [QuorumPeer[myid=2](plain=/0:0:0:0:0:0:0:0:2181)(secure=disabled):Environment@109] - Server environment:os.version=3.19.0-18-generic
2015-06-09 08:20:27,308 [myid:2] - INFO  [QuorumPeer[myid=2](plain=/0:0:0:0:0:0:0:0:2181)(secure=disabled):Environment@109] - Server environment:user.name=root
2015-06-09 08:20:27,308 [myid:2] - INFO  [QuorumPeer[myid=2](plain=/0:0:0:0:0:0:0:0:2181)(secure=disabled):Environment@109] - Server environment:user.home=/root
2015-06-09 08:20:27,309 [myid:2] - INFO  [QuorumPeer[myid=2](plain=/0:0:0:0:0:0:0:0:2181)(secure=disabled):Environment@109] - Server environment:user.dir=/zk
2015-06-09 08:20:27,309 [myid:2] - INFO  [QuorumPeer[myid=2](plain=/0:0:0:0:0:0:0:0:2181)(secure=disabled):Environment@109] - Server environment:os.memory.free=214MB
2015-06-09 08:20:27,309 [myid:2] - INFO  [QuorumPeer[myid=2](plain=/0:0:0:0:0:0:0:0:2181)(secure=disabled):Environment@109] - Server environment:os.memory.max=889MB
2015-06-09 08:20:27,309 [myid:2] - INFO  [QuorumPeer[myid=2](plain=/0:0:0:0:0:0:0:0:2181)(secure=disabled):Environment@109] - Server environment:os.memory.total=239MB
2015-06-09 08:20:27,310 [myid:2] - INFO  [QuorumPeer[myid=2](plain=/0:0:0:0:0:0:0:0:2181)(secure=disabled):ZooKeeperServer@825] - minSessionTimeout set to 4000
2015-06-09 08:20:27,310 [myid:2] - INFO  [QuorumPeer[myid=2](plain=/0:0:0:0:0:0:0:0:2181)(secure=disabled):ZooKeeperServer@834] - maxSessionTimeout set to 40000
2015-06-09 08:20:27,310 [myid:2] - INFO  [QuorumPeer[myid=2](plain=/0:0:0:0:0:0:0:0:2181)(secure=disabled):ZooKeeperServer@156] - Created server with tickTime 2000 minSessionTimeout 4000 maxSessionTimeout 40000 datadir /zk_data/version-2 snapdir /zk_data/version-2
2015-06-09 08:20:27,311 [myid:2] - INFO  [QuorumPeer[myid=2](plain=/0:0:0:0:0:0:0:0:2181)(secure=disabled):ObserverZooKeeperServer@56] - syncEnabled =true
2015-06-09 08:20:27,312 [myid:2] - INFO  [QuorumPeer[myid=2](plain=/0:0:0:0:0:0:0:0:2181)(secure=disabled):Observer@72] - Observing /192.168.42.1:2888
2015-06-09 08:20:27,517 [myid:2] - INFO  [WorkerReceiver[myid=2]:FastLeaderElection$Messenger$WorkerReceiver@294] - 2 Received version: 100000000 my version: 0
2015-06-09 08:20:27,594 [myid:2] - INFO  [WorkerReceiver[myid=2]:QuorumPeer@1750] - Becoming a non-voting participant
2015-06-09 08:20:27,595 [myid:2] - INFO  [WorkerReceiver[myid=2]:FastLeaderElection$Messenger$WorkerReceiver@299] - restarting leader election
2015-06-09 08:20:27,595 [myid:2] - DEBUG [WorkerReceiver[myid=2]:FastLeaderElection@652] - Shutting down connection manager
2015-06-09 08:20:27,595 [myid:2] - DEBUG [WorkerReceiver[myid=2]:QuorumCnxManager@537] - Halting listener
2015-06-09 08:20:27,595 [myid:2] - DEBUG [WorkerReceiver[myid=2]:QuorumCnxManager$Listener@681] - Trying to close listener: ServerSocket[addr=/192.168.42.2,localport=3888]
2015-06-09 08:20:27,595 [myid:2] - DEBUG [WorkerReceiver[myid=2]:QuorumCnxManager$Listener@683] - Closing listener: 2
2015-06-09 08:20:27,595 [myid:2] - INFO  [/192.168.42.2:3888:QuorumCnxManager$Listener@659] - Leaving listener
2015-06-09 08:20:27,596 [myid:2] - DEBUG [WorkerReceiver[myid=2]:QuorumCnxManager@554] - Halting sender: Thread[SendWorker:1,5,main]
2015-06-09 08:20:27,596 [myid:2] - DEBUG [WorkerReceiver[myid=2]:QuorumCnxManager$SendWorker@743] - Calling finish for 1
2015-06-09 08:20:27,596 [myid:2] - DEBUG [WorkerReceiver[myid=2]:QuorumCnxManager$SendWorker@763] - Removing entry from senderWorkerMap sid=1
2015-06-09 08:20:27,596 [myid:2] - DEBUG [WorkerReceiver[myid=2]:FastLeaderElection@654] - Shutting down messenger
2015-06-09 08:20:27,596 [myid:2] - DEBUG [WorkerReceiver[myid=2]:FastLeaderElection@656] - FLE is down
2015-06-09 08:20:27,596 [myid:2] - INFO  [WorkerReceiver[myid=2]:FastLeaderElection$Messenger$WorkerReceiver@435] - WorkerReceiver is down
2015-06-09 08:20:27,597 [myid:2] - WARN  [SendWorker:1:QuorumCnxManager$SendWorker@834] - Interrupted while waiting for message on queue
java.lang.InterruptedException
	at java.util.concurrent.locks.AbstractQueuedSynchronizer$ConditionObject.reportInterruptAfterWait(AbstractQueuedSynchronizer.java:2017)
	at java.util.concurrent.locks.AbstractQueuedSynchronizer$ConditionObject.awaitNanos(AbstractQueuedSynchronizer.java:2095)
	at java.util.concurrent.ArrayBlockingQueue.poll(ArrayBlockingQueue.java:389)
	at org.apache.zookeeper.server.quorum.QuorumCnxManager.pollSendQueue(QuorumCnxManager.java:986)
	at org.apache.zookeeper.server.quorum.QuorumCnxManager.access$500(QuorumCnxManager.java:63)
	at org.apache.zookeeper.server.quorum.QuorumCnxManager$SendWorker.run(QuorumCnxManager.java:822)
2015-06-09 08:20:27,598 [myid:2] - DEBUG [SendWorker:1:QuorumCnxManager$SendWorker@743] - Calling finish for 1
2015-06-09 08:20:27,597 [myid:2] - WARN  [RecvWorker:1:QuorumCnxManager$RecvWorker@917] - Connection broken for id 1, my id = 2, error = 
java.net.SocketException: Socket closed
	at java.net.SocketInputStream.socketRead0(Native Method)
	at java.net.SocketInputStream.read(SocketInputStream.java:152)
	at java.net.SocketInputStream.read(SocketInputStream.java:122)
	at java.net.SocketInputStream.read(SocketInputStream.java:210)
	at java.io.DataInputStream.readInt(DataInputStream.java:387)
	at org.apache.zookeeper.server.quorum.QuorumCnxManager$RecvWorker.run(QuorumCnxManager.java:902)
2015-06-09 08:20:27,598 [myid:2] - WARN  [SendWorker:1:QuorumCnxManager$SendWorker@843] - Send worker leaving thread  id 1 my id = 2
2015-06-09 08:20:27,598 [myid:2] - WARN  [RecvWorker:1:QuorumCnxManager$RecvWorker@920] - Interrupting SendWorker
2015-06-09 08:20:27,599 [myid:2] - DEBUG [RecvWorker:1:QuorumCnxManager$SendWorker@743] - Calling finish for 1
2015-06-09 08:20:27,947 [myid:2] - INFO  [QuorumPeer[myid=2](plain=/0:0:0:0:0:0:0:0:2181)(secure=disabled):Learner@369] - Getting a snapshot from leader
2015-06-09 08:20:27,950 [myid:2] - INFO  [QuorumPeer[myid=2](plain=/0:0:0:0:0:0:0:0:2181)(secure=disabled):Learner@509] - Learner received NEWLEADER message
2015-06-09 08:20:27,951 [myid:2] - INFO  [QuorumPeer[myid=2](plain=/0:0:0:0:0:0:0:0:2181)(secure=disabled):FileTxnSnapLog@298] - Snapshotting: 0x100000000 to /zk_data/version-2/snapshot.100000000
2015-06-09 08:20:28,386 [myid:2] - INFO  [QuorumPeer[myid=2](plain=/0:0:0:0:0:0:0:0:2181)(secure=disabled):Learner@493] - Learner received UPTODATE message
2015-06-09 08:20:28,386 [myid:2] - DEBUG [QuorumPeer[myid=2](plain=/0:0:0:0:0:0:0:0:2181)(secure=disabled):QuorumPeer@1369] - 2 setQuorumVerifier called with known or old config 4294967296. Current version: 4294967296
2015-06-09 08:20:28,390 [myid:2] - INFO  [QuorumPeer[myid=2](plain=/0:0:0:0:0:0:0:0:2181)(secure=disabled):CommitProcessor@252] - Configuring CommitProcessor with 4 worker threads.
2015-06-09 08:20:30,100 [myid:2] - INFO  [WorkerSender[myid=2]:FastLeaderElection$Messenger$WorkerSender@465] - WorkerSender is down
2015-06-09 08:20:31,418 [myid:2] - INFO  [NIOServerCxnFactory.AcceptThread:/0.0.0.0:2181:NIOServerCnxnFactory$AcceptThread@296] - Accepted socket connection from /192.168.42.254:54068
2015-06-09 08:20:31,421 [myid:2] - INFO  [NIOWorkerThread-1:NIOServerCnxn@836] - Processing stat command from /192.168.42.254:54068
2015-06-09 08:20:31,422 [myid:2] - INFO  [NIOWorkerThread-1:NIOServerCnxn$StatCommand@685] - Stat command output
2015-06-09 08:20:31,423 [myid:2] - INFO  [NIOWorkerThread-1:NIOServerCnxn@1007] - Closed socket connection for client /192.168.42.254:54068 (no session established for client)
2015-06-09 08:21:00,472 [myid:2] - INFO  [NIOServerCxnFactory.AcceptThread:/0.0.0.0:2181:NIOServerCnxnFactory$AcceptThread@296] - Accepted socket connection from /192.168.42.254:54072
2015-06-09 08:21:00,474 [myid:2] - INFO  [NIOWorkerThread-2:NIOServerCnxn@836] - Processing stat command from /192.168.42.254:54072
2015-06-09 08:21:00,475 [myid:2] - INFO  [NIOWorkerThread-2:NIOServerCnxn$StatCommand@685] - Stat command output
2015-06-09 08:21:00,476 [myid:2] - INFO  [NIOWorkerThread-2:NIOServerCnxn@1007] - Closed socket connection for client /192.168.42.254:54072 (no session established for client)
